<?xml version="1.0" encoding="UTF-8"?>
<!-- Generated by org.testng.reporters.JUnitXMLReporter -->
<testsuite ignored="3" hostname="T490-PDOOLAPETA" failures="0" tests="7" name="FrameworkTest" time="8.581" errors="0" timestamp="2020-07-20T18:19:18 EDT">
  <testcase classname="test.AddLicence" name="licensenew" time="2.126"/>
  <testcase classname="test.AddLicence" name="licenseexist" time="1.33"/>
  <testcase classname="test.GetLicence" name="getSingleLicenseGoodrequest" time="0.702"/>
  <testcase classname="test.GetLicence" name="getSingleLicenceBadrequest" time="0.696"/>
  <testcase classname="test.DeleteLicence" name="DeleteSingleLicense" time="0.757"/>
  <testcase classname="test.AddLicenceBatch" name="Batchlicence" time="1.232"/>
  <testcase classname="test.AddLicenceBatch" name="DuplicateLicence" time="1.313"/>
  <testcase classname="test.BaseTest" name="@BeforeSuite beforeSuite" time="0.0">
    <ignored/>
  </testcase> <!-- @BeforeSuite beforeSuite -->
  <testcase classname="test.BaseTest" name="@BeforeSuite beforeSuite" time="0.0">
    <ignored/>
  </testcase> <!-- @BeforeSuite beforeSuite -->
  <testcase classname="test.BaseTest" name="@BeforeSuite beforeSuite" time="0.0">
    <ignored/>
  </testcase> <!-- @BeforeSuite beforeSuite -->
</testsuite> <!-- FrameworkTest -->
