<?xml version="1.0" encoding="UTF-8"?>
<testng-results ignored="0" total="2" passed="2" failed="0" skipped="0">
  <reporter-output>
  </reporter-output>
  <suite started-at="2020-07-23T17:37:05 EDT" name="Default suite" finished-at="2020-07-23T17:37:09 EDT" duration-ms="3211">
    <groups>
      <group name="single">
        <method signature="AddLicence.licenseexist()[pri:2, instance:test.AddLicence@45018215]" name="licenseexist" class="test.AddLicence"/>
        <method signature="AddLicence.licensenew()[pri:1, instance:test.AddLicence@45018215]" name="licensenew" class="test.AddLicence"/>
      </group> <!-- single -->
    </groups>
    <test started-at="2020-07-23T17:37:05 EDT" name="Default test" finished-at="2020-07-23T17:37:09 EDT" duration-ms="3211">
      <class name="test.AddLicence">
        <test-method is-config="true" signature="beforeSuite()[pri:0, instance:test.AddLicence@45018215]" started-at="2020-07-23T17:37:05 EDT" name="beforeSuite" finished-at="2020-07-23T17:37:05 EDT" duration-ms="446" status="PASS">
          <reporter-output>
          </reporter-output>
        </test-method> <!-- beforeSuite -->
        <test-method is-config="true" signature="beforeClass()[pri:0, instance:test.AddLicence@45018215]" started-at="2020-07-23T17:37:05 EDT" name="beforeClass" finished-at="2020-07-23T17:37:06 EDT" duration-ms="350" status="PASS">
          <reporter-output>
          </reporter-output>
        </test-method> <!-- beforeClass -->
        <test-method signature="licensenew()[pri:1, instance:test.AddLicence@45018215]" started-at="2020-07-23T17:37:06 EDT" name="licensenew" finished-at="2020-07-23T17:37:08 EDT" duration-ms="2065" status="PASS">
          <reporter-output>
          </reporter-output>
        </test-method> <!-- licensenew -->
        <test-method signature="licenseexist()[pri:2, instance:test.AddLicence@45018215]" started-at="2020-07-23T17:37:08 EDT" name="licenseexist" finished-at="2020-07-23T17:37:09 EDT" duration-ms="776" status="PASS">
          <reporter-output>
          </reporter-output>
        </test-method> <!-- licenseexist -->
      </class> <!-- test.AddLicence -->
    </test> <!-- Default test -->
  </suite> <!-- Default suite -->
</testng-results>
